17-Apr-2025 10:12:00.674 INFO [main] org.apache.catalina.startup.VersionLoggerListener.log Server version name:   Apache Tomcat/9.0.100
17-Apr-2025 10:12:00.680 INFO [main] org.apache.catalina.startup.VersionLoggerListener.log Server built:          Feb 13 2025 11:29:56 UTC
17-Apr-2025 10:12:00.681 INFO [main] org.apache.catalina.startup.VersionLoggerListener.log Server version number: 9.0.100.0
17-Apr-2025 10:12:00.681 INFO [main] org.apache.catalina.startup.VersionLoggerListener.log OS Name:               Windows 11
17-Apr-2025 10:12:00.681 INFO [main] org.apache.catalina.startup.VersionLoggerListener.log OS Version:            10.0
17-Apr-2025 10:12:00.681 INFO [main] org.apache.catalina.startup.VersionLoggerListener.log Architecture:          amd64
17-Apr-2025 10:12:00.681 INFO [main] org.apache.catalina.startup.VersionLoggerListener.log Java Home:             C:\Program Files\Java\jdk-21
17-Apr-2025 10:12:00.681 INFO [main] org.apache.catalina.startup.VersionLoggerListener.log JVM Version:           21.0.1+12-LTS-29
17-Apr-2025 10:12:00.682 INFO [main] org.apache.catalina.startup.VersionLoggerListener.log JVM Vendor:            Oracle Corporation
17-Apr-2025 10:12:00.682 INFO [main] org.apache.catalina.startup.VersionLoggerListener.log CATALINA_BASE:         D:\Study\MCA_Science\Sem-2\Advance_Java\advance_java_mini_project
17-Apr-2025 10:12:00.682 INFO [main] org.apache.catalina.startup.VersionLoggerListener.log CATALINA_HOME:         D:\Study\MCA_Science\Sem-2\Advance_Java\advance_java_mini_project\apache-tomcat-9.0.100\apache-tomcat-9.0.100
17-Apr-2025 10:12:00.700 INFO [main] org.apache.catalina.startup.VersionLoggerListener.log Command line argument: --add-opens=java.base/java.lang=ALL-UNNAMED
17-Apr-2025 10:12:00.701 INFO [main] org.apache.catalina.startup.VersionLoggerListener.log Command line argument: --add-opens=java.base/java.io=ALL-UNNAMED
17-Apr-2025 10:12:00.701 INFO [main] org.apache.catalina.startup.VersionLoggerListener.log Command line argument: --add-opens=java.base/java.util=ALL-UNNAMED
17-Apr-2025 10:12:00.701 INFO [main] org.apache.catalina.startup.VersionLoggerListener.log Command line argument: --add-opens=java.base/java.util.concurrent=ALL-UNNAMED
17-Apr-2025 10:12:00.701 INFO [main] org.apache.catalina.startup.VersionLoggerListener.log Command line argument: --add-opens=java.rmi/sun.rmi.transport=ALL-UNNAMED
17-Apr-2025 10:12:00.701 INFO [main] org.apache.catalina.startup.VersionLoggerListener.log Command line argument: -Dcatalina.home=D:\Study\MCA_Science\Sem-2\Advance_Java\advance_java_mini_project\apache-tomcat-9.0.100\apache-tomcat-9.0.100
17-Apr-2025 10:12:00.701 INFO [main] org.apache.catalina.startup.VersionLoggerListener.log Command line argument: -Dcatalina.base=D:\Study\MCA_Science\Sem-2\Advance_Java\advance_java_mini_project
17-Apr-2025 10:12:00.701 INFO [main] org.apache.catalina.startup.VersionLoggerListener.log Command line argument: -Djava.io.tmpdir=D:\Study\MCA_Science\Sem-2\Advance_Java\advance_java_mini_project\temp
17-Apr-2025 10:12:00.702 INFO [main] org.apache.catalina.startup.VersionLoggerListener.log Command line argument: -Djava.util.logging.config.file=D:\Study\MCA_Science\Sem-2\Advance_Java\advance_java_mini_project\conf\logging.properties
17-Apr-2025 10:12:00.702 INFO [main] org.apache.catalina.startup.VersionLoggerListener.log Command line argument: -Djava.util.logging.manager=org.apache.juli.ClassLoaderLogManager
17-Apr-2025 10:12:00.702 INFO [main] org.apache.catalina.startup.VersionLoggerListener.log Command line argument: -javaagent:C:\Program Files\JetBrains\IntelliJ IDEA Community Edition 2024.1.4\lib\idea_rt.jar=62310:C:\Program Files\JetBrains\IntelliJ IDEA Community Edition 2024.1.4\bin
17-Apr-2025 10:12:00.702 INFO [main] org.apache.catalina.startup.VersionLoggerListener.log Command line argument: -Dfile.encoding=UTF-8
17-Apr-2025 10:12:00.702 INFO [main] org.apache.catalina.startup.VersionLoggerListener.log Command line argument: -Dsun.stdout.encoding=UTF-8
17-Apr-2025 10:12:00.702 INFO [main] org.apache.catalina.startup.VersionLoggerListener.log Command line argument: -Dsun.stderr.encoding=UTF-8
17-Apr-2025 10:12:00.721 INFO [main] org.apache.catalina.core.AprLifecycleListener.lifecycleEvent The Apache Tomcat Native library which allows using OpenSSL was not found on the java.library.path: [C:\Program Files\Java\jdk-21\bin;C:\WINDOWS\Sun\Java\bin;C:\WINDOWS\system32;C:\WINDOWS;C:\Program Files\Common Files\Oracle\Java\javapath;C:\WINDOWS\system32;C:\WINDOWS;C:\WINDOWS\System32\Wbem;C:\WINDOWS\System32\WindowsPowerShell\v1.0\;C:\WINDOWS\System32\OpenSSH\;C:\Program Files\Java\jdk-21\bin;C:\Program Files\MySQL\MySQL Server 8.0\bin;C:\Program Files\Microsoft SQL Server\Client SDK\ODBC\170\Tools\Binn\;C:\Program Files\Microsoft SQL Server\150\Tools\Binn\;C:\Program Files\dotnet\;C:\Program Files (x86)\Microsoft SQL Server\160\Tools\Binn\;C:\Program Files\Microsoft SQL Server\160\Tools\Binn\;C:\Program Files\Microsoft SQL Server\160\DTS\Binn\;C:\Program Files (x86)\Microsoft SQL Server\160\DTS\Binn\;C:\Program Files\Azure Data Studio\bin;C:\Program Files\Microsoft SQL Server\130\Tools\Binn\;C:\xampp\php;C:\Program Files\Git\cmd;C:\Users\Khwahish Shah\AppData\Local\Programs\Python\Python313\Scripts\;C:\Users\Khwahish Shah\AppData\Local\Programs\Python\Python313\;C:\Users\Khwahish Shah\AppData\Local\Microsoft\WindowsApps;C:\Users\Khwahish Shah\AppData\Local\Programs\Microsoft VS Code\bin;C:\Users\Khwahish Shah\.dotnet\tools;C:\Program Files\Azure Data Studio\bin;C:\xampp\php;;C:\Program Files\JetBrains\IntelliJ IDEA 2024.3.1.1\bin;;C:\Program Files\JetBrains\IntelliJ IDEA Community Edition 2024.1.4\bin;;.]
17-Apr-2025 10:12:01.357 INFO [main] org.apache.coyote.AbstractProtocol.init Initializing ProtocolHandler ["http-nio-8080"]
17-Apr-2025 10:12:01.387 INFO [main] org.apache.catalina.startup.Catalina.load Server initialization in [1142] milliseconds
17-Apr-2025 10:12:01.476 INFO [main] org.apache.catalina.core.StandardService.startInternal Starting service [Catalina]
17-Apr-2025 10:12:01.476 INFO [main] org.apache.catalina.core.StandardEngine.startInternal Starting Servlet engine: [Apache Tomcat/9.0.100]
17-Apr-2025 10:12:01.491 INFO [main] org.apache.catalina.startup.HostConfig.deployDescriptor Deploying deployment descriptor [D:\Study\MCA_Science\Sem-2\Advance_Java\advance_java_mini_project\conf\Catalina\localhost\advance_java_mini_project.xml]
17-Apr-2025 10:12:02.570 INFO [main] org.apache.jasper.servlet.TldScanner.scanJars At least one JAR was scanned for TLDs yet contained no TLDs. Enable debug logging for this logger for a complete list of JARs that were scanned but no TLDs were found in them. Skipping unneeded JARs during scanning can improve startup time and JSP compilation time.
17-Apr-2025 10:12:02.668 INFO [main] org.apache.catalina.startup.HostConfig.deployDescriptor Deployment of deployment descriptor [D:\Study\MCA_Science\Sem-2\Advance_Java\advance_java_mini_project\conf\Catalina\localhost\advance_java_mini_project.xml] has finished in [1,176] ms
17-Apr-2025 10:12:02.675 INFO [main] org.apache.coyote.AbstractProtocol.start Starting ProtocolHandler ["http-nio-8080"]
17-Apr-2025 10:12:02.707 INFO [main] org.apache.catalina.startup.Catalina.start Server startup in [1317] milliseconds
17-Apr-2025 11:58:14.849 INFO [Thread-1] org.apache.coyote.AbstractProtocol.pause Pausing ProtocolHandler ["http-nio-8080"]
17-Apr-2025 11:58:14.882 INFO [Thread-1] org.apache.catalina.core.StandardService.stopInternal Stopping service [Catalina]
17-Apr-2025 11:58:15.050 INFO [Thread-1] org.apache.coyote.AbstractProtocol.stop Stopping ProtocolHandler ["http-nio-8080"]
17-Apr-2025 11:58:15.065 INFO [Thread-1] org.apache.coyote.AbstractProtocol.destroy Destroying ProtocolHandler ["http-nio-8080"]
17-Apr-2025 11:58:18.168 INFO [main] org.apache.catalina.startup.VersionLoggerListener.log Server version name:   Apache Tomcat/9.0.100
17-Apr-2025 11:58:18.174 INFO [main] org.apache.catalina.startup.VersionLoggerListener.log Server built:          Feb 13 2025 11:29:56 UTC
17-Apr-2025 11:58:18.174 INFO [main] org.apache.catalina.startup.VersionLoggerListener.log Server version number: 9.0.100.0
17-Apr-2025 11:58:18.174 INFO [main] org.apache.catalina.startup.VersionLoggerListener.log OS Name:               Windows 11
17-Apr-2025 11:58:18.176 INFO [main] org.apache.catalina.startup.VersionLoggerListener.log OS Version:            10.0
17-Apr-2025 11:58:18.176 INFO [main] org.apache.catalina.startup.VersionLoggerListener.log Architecture:          amd64
17-Apr-2025 11:58:18.176 INFO [main] org.apache.catalina.startup.VersionLoggerListener.log Java Home:             C:\Program Files\Java\jdk-21
17-Apr-2025 11:58:18.176 INFO [main] org.apache.catalina.startup.VersionLoggerListener.log JVM Version:           21.0.1+12-LTS-29
17-Apr-2025 11:58:18.176 INFO [main] org.apache.catalina.startup.VersionLoggerListener.log JVM Vendor:            Oracle Corporation
17-Apr-2025 11:58:18.176 INFO [main] org.apache.catalina.startup.VersionLoggerListener.log CATALINA_BASE:         D:\Study\MCA_Science\Sem-2\Advance_Java\advance_java_mini_project
17-Apr-2025 11:58:18.177 INFO [main] org.apache.catalina.startup.VersionLoggerListener.log CATALINA_HOME:         D:\Study\MCA_Science\Sem-2\Advance_Java\advance_java_mini_project\apache-tomcat-9.0.100\apache-tomcat-9.0.100
17-Apr-2025 11:58:18.193 INFO [main] org.apache.catalina.startup.VersionLoggerListener.log Command line argument: --add-opens=java.base/java.lang=ALL-UNNAMED
17-Apr-2025 11:58:18.194 INFO [main] org.apache.catalina.startup.VersionLoggerListener.log Command line argument: --add-opens=java.base/java.io=ALL-UNNAMED
17-Apr-2025 11:58:18.194 INFO [main] org.apache.catalina.startup.VersionLoggerListener.log Command line argument: --add-opens=java.base/java.util=ALL-UNNAMED
17-Apr-2025 11:58:18.194 INFO [main] org.apache.catalina.startup.VersionLoggerListener.log Command line argument: --add-opens=java.base/java.util.concurrent=ALL-UNNAMED
17-Apr-2025 11:58:18.194 INFO [main] org.apache.catalina.startup.VersionLoggerListener.log Command line argument: --add-opens=java.rmi/sun.rmi.transport=ALL-UNNAMED
17-Apr-2025 11:58:18.194 INFO [main] org.apache.catalina.startup.VersionLoggerListener.log Command line argument: -Dcatalina.home=D:\Study\MCA_Science\Sem-2\Advance_Java\advance_java_mini_project\apache-tomcat-9.0.100\apache-tomcat-9.0.100
17-Apr-2025 11:58:18.194 INFO [main] org.apache.catalina.startup.VersionLoggerListener.log Command line argument: -Dcatalina.base=D:\Study\MCA_Science\Sem-2\Advance_Java\advance_java_mini_project
17-Apr-2025 11:58:18.194 INFO [main] org.apache.catalina.startup.VersionLoggerListener.log Command line argument: -Djava.io.tmpdir=D:\Study\MCA_Science\Sem-2\Advance_Java\advance_java_mini_project\temp
17-Apr-2025 11:58:18.195 INFO [main] org.apache.catalina.startup.VersionLoggerListener.log Command line argument: -Djava.util.logging.config.file=D:\Study\MCA_Science\Sem-2\Advance_Java\advance_java_mini_project\conf\logging.properties
17-Apr-2025 11:58:18.195 INFO [main] org.apache.catalina.startup.VersionLoggerListener.log Command line argument: -Djava.util.logging.manager=org.apache.juli.ClassLoaderLogManager
17-Apr-2025 11:58:18.195 INFO [main] org.apache.catalina.startup.VersionLoggerListener.log Command line argument: -javaagent:C:\Program Files\JetBrains\IntelliJ IDEA Community Edition 2024.1.4\lib\idea_rt.jar=51447:C:\Program Files\JetBrains\IntelliJ IDEA Community Edition 2024.1.4\bin
17-Apr-2025 11:58:18.195 INFO [main] org.apache.catalina.startup.VersionLoggerListener.log Command line argument: -Dfile.encoding=UTF-8
17-Apr-2025 11:58:18.195 INFO [main] org.apache.catalina.startup.VersionLoggerListener.log Command line argument: -Dsun.stdout.encoding=UTF-8
17-Apr-2025 11:58:18.195 INFO [main] org.apache.catalina.startup.VersionLoggerListener.log Command line argument: -Dsun.stderr.encoding=UTF-8
17-Apr-2025 11:58:18.213 INFO [main] org.apache.catalina.core.AprLifecycleListener.lifecycleEvent The Apache Tomcat Native library which allows using OpenSSL was not found on the java.library.path: [C:\Program Files\Java\jdk-21\bin;C:\WINDOWS\Sun\Java\bin;C:\WINDOWS\system32;C:\WINDOWS;C:\Program Files\Common Files\Oracle\Java\javapath;C:\WINDOWS\system32;C:\WINDOWS;C:\WINDOWS\System32\Wbem;C:\WINDOWS\System32\WindowsPowerShell\v1.0\;C:\WINDOWS\System32\OpenSSH\;C:\Program Files\Java\jdk-21\bin;C:\Program Files\MySQL\MySQL Server 8.0\bin;C:\Program Files\Microsoft SQL Server\Client SDK\ODBC\170\Tools\Binn\;C:\Program Files\Microsoft SQL Server\150\Tools\Binn\;C:\Program Files\dotnet\;C:\Program Files (x86)\Microsoft SQL Server\160\Tools\Binn\;C:\Program Files\Microsoft SQL Server\160\Tools\Binn\;C:\Program Files\Microsoft SQL Server\160\DTS\Binn\;C:\Program Files (x86)\Microsoft SQL Server\160\DTS\Binn\;C:\Program Files\Azure Data Studio\bin;C:\Program Files\Microsoft SQL Server\130\Tools\Binn\;C:\xampp\php;C:\Program Files\Git\cmd;C:\Users\Khwahish Shah\AppData\Local\Programs\Python\Python313\Scripts\;C:\Users\Khwahish Shah\AppData\Local\Programs\Python\Python313\;C:\Users\Khwahish Shah\AppData\Local\Microsoft\WindowsApps;C:\Users\Khwahish Shah\AppData\Local\Programs\Microsoft VS Code\bin;C:\Users\Khwahish Shah\.dotnet\tools;C:\Program Files\Azure Data Studio\bin;C:\xampp\php;;C:\Program Files\JetBrains\IntelliJ IDEA 2024.3.1.1\bin;;C:\Program Files\JetBrains\IntelliJ IDEA Community Edition 2024.1.4\bin;;.]
17-Apr-2025 11:58:18.859 INFO [main] org.apache.coyote.AbstractProtocol.init Initializing ProtocolHandler ["http-nio-8080"]
17-Apr-2025 11:58:18.893 INFO [main] org.apache.catalina.startup.Catalina.load Server initialization in [1143] milliseconds
17-Apr-2025 11:58:18.980 INFO [main] org.apache.catalina.core.StandardService.startInternal Starting service [Catalina]
17-Apr-2025 11:58:18.981 INFO [main] org.apache.catalina.core.StandardEngine.startInternal Starting Servlet engine: [Apache Tomcat/9.0.100]
17-Apr-2025 11:58:18.997 INFO [main] org.apache.catalina.startup.HostConfig.deployDescriptor Deploying deployment descriptor [D:\Study\MCA_Science\Sem-2\Advance_Java\advance_java_mini_project\conf\Catalina\localhost\advance_java_mini_project.xml]
17-Apr-2025 11:58:20.128 INFO [main] org.apache.jasper.servlet.TldScanner.scanJars At least one JAR was scanned for TLDs yet contained no TLDs. Enable debug logging for this logger for a complete list of JARs that were scanned but no TLDs were found in them. Skipping unneeded JARs during scanning can improve startup time and JSP compilation time.
17-Apr-2025 11:58:20.244 INFO [main] org.apache.catalina.startup.HostConfig.deployDescriptor Deployment of deployment descriptor [D:\Study\MCA_Science\Sem-2\Advance_Java\advance_java_mini_project\conf\Catalina\localhost\advance_java_mini_project.xml] has finished in [1,246] ms
17-Apr-2025 11:58:20.252 INFO [main] org.apache.coyote.AbstractProtocol.start Starting ProtocolHandler ["http-nio-8080"]
17-Apr-2025 11:58:20.294 INFO [main] org.apache.catalina.startup.Catalina.start Server startup in [1397] milliseconds
17-Apr-2025 12:20:41.370 WARNING [http-nio-8080-exec-1] org.apache.catalina.webresources.AbstractFileResourceSet.logIgnoredSymlink Resource for web application [/advance_java_mini_project] at path [/${pageContext.request.contextPath}./images/lib1.jpg] was not loaded as the canonical path [/${pageContext.request.contextPath}/images/lib1.jpg] did not match. Use of symlinks is one possible cause.
17-Apr-2025 12:22:10.293 WARNING [http-nio-8080-exec-5] org.apache.catalina.webresources.AbstractFileResourceSet.logIgnoredSymlink Resource for web application [/advance_java_mini_project] at path [/${pageContext.request.contextPath}./images/lib1.jpg] was not loaded as the canonical path [/${pageContext.request.contextPath}/images/lib1.jpg] did not match. Use of symlinks is one possible cause.
17-Apr-2025 12:35:17.913 WARNING [http-nio-8080-exec-1] org.apache.catalina.webresources.AbstractFileResourceSet.logIgnoredSymlink Resource for web application [/advance_java_mini_project] at path [/${pageContext.request.contextPath}./images/lib1.jpg] was not loaded as the canonical path [/${pageContext.request.contextPath}/images/lib1.jpg] did not match. Use of symlinks is one possible cause.
17-Apr-2025 15:12:36.316 INFO [Thread-1] org.apache.coyote.AbstractProtocol.pause Pausing ProtocolHandler ["http-nio-8080"]
17-Apr-2025 15:12:36.334 INFO [Thread-1] org.apache.catalina.core.StandardService.stopInternal Stopping service [Catalina]
17-Apr-2025 15:12:36.397 INFO [Thread-1] org.apache.coyote.AbstractProtocol.stop Stopping ProtocolHandler ["http-nio-8080"]
17-Apr-2025 15:12:36.408 INFO [Thread-1] org.apache.coyote.AbstractProtocol.destroy Destroying ProtocolHandler ["http-nio-8080"]
17-Apr-2025 15:12:39.524 INFO [main] org.apache.catalina.startup.VersionLoggerListener.log Server version name:   Apache Tomcat/9.0.100
17-Apr-2025 15:12:39.532 INFO [main] org.apache.catalina.startup.VersionLoggerListener.log Server built:          Feb 13 2025 11:29:56 UTC
17-Apr-2025 15:12:39.534 INFO [main] org.apache.catalina.startup.VersionLoggerListener.log Server version number: 9.0.100.0
17-Apr-2025 15:12:39.534 INFO [main] org.apache.catalina.startup.VersionLoggerListener.log OS Name:               Windows 11
17-Apr-2025 15:12:39.534 INFO [main] org.apache.catalina.startup.VersionLoggerListener.log OS Version:            10.0
17-Apr-2025 15:12:39.534 INFO [main] org.apache.catalina.startup.VersionLoggerListener.log Architecture:          amd64
17-Apr-2025 15:12:39.534 INFO [main] org.apache.catalina.startup.VersionLoggerListener.log Java Home:             C:\Program Files\Java\jdk-21
17-Apr-2025 15:12:39.534 INFO [main] org.apache.catalina.startup.VersionLoggerListener.log JVM Version:           21.0.1+12-LTS-29
17-Apr-2025 15:12:39.535 INFO [main] org.apache.catalina.startup.VersionLoggerListener.log JVM Vendor:            Oracle Corporation
17-Apr-2025 15:12:39.535 INFO [main] org.apache.catalina.startup.VersionLoggerListener.log CATALINA_BASE:         D:\Study\MCA_Science\Sem-2\Advance_Java\advance_java_mini_project
17-Apr-2025 15:12:39.535 INFO [main] org.apache.catalina.startup.VersionLoggerListener.log CATALINA_HOME:         D:\Study\MCA_Science\Sem-2\Advance_Java\advance_java_mini_project\apache-tomcat-9.0.100\apache-tomcat-9.0.100
17-Apr-2025 15:12:39.557 INFO [main] org.apache.catalina.startup.VersionLoggerListener.log Command line argument: --add-opens=java.base/java.lang=ALL-UNNAMED
17-Apr-2025 15:12:39.558 INFO [main] org.apache.catalina.startup.VersionLoggerListener.log Command line argument: --add-opens=java.base/java.io=ALL-UNNAMED
17-Apr-2025 15:12:39.558 INFO [main] org.apache.catalina.startup.VersionLoggerListener.log Command line argument: --add-opens=java.base/java.util=ALL-UNNAMED
17-Apr-2025 15:12:39.558 INFO [main] org.apache.catalina.startup.VersionLoggerListener.log Command line argument: --add-opens=java.base/java.util.concurrent=ALL-UNNAMED
17-Apr-2025 15:12:39.558 INFO [main] org.apache.catalina.startup.VersionLoggerListener.log Command line argument: --add-opens=java.rmi/sun.rmi.transport=ALL-UNNAMED
17-Apr-2025 15:12:39.559 INFO [main] org.apache.catalina.startup.VersionLoggerListener.log Command line argument: -Dcatalina.home=D:\Study\MCA_Science\Sem-2\Advance_Java\advance_java_mini_project\apache-tomcat-9.0.100\apache-tomcat-9.0.100
17-Apr-2025 15:12:39.559 INFO [main] org.apache.catalina.startup.VersionLoggerListener.log Command line argument: -Dcatalina.base=D:\Study\MCA_Science\Sem-2\Advance_Java\advance_java_mini_project
17-Apr-2025 15:12:39.559 INFO [main] org.apache.catalina.startup.VersionLoggerListener.log Command line argument: -Djava.io.tmpdir=D:\Study\MCA_Science\Sem-2\Advance_Java\advance_java_mini_project\temp
17-Apr-2025 15:12:39.560 INFO [main] org.apache.catalina.startup.VersionLoggerListener.log Command line argument: -Djava.util.logging.config.file=D:\Study\MCA_Science\Sem-2\Advance_Java\advance_java_mini_project\conf\logging.properties
17-Apr-2025 15:12:39.560 INFO [main] org.apache.catalina.startup.VersionLoggerListener.log Command line argument: -Djava.util.logging.manager=org.apache.juli.ClassLoaderLogManager
17-Apr-2025 15:12:39.560 INFO [main] org.apache.catalina.startup.VersionLoggerListener.log Command line argument: -javaagent:C:\Program Files\JetBrains\IntelliJ IDEA Community Edition 2024.1.4\lib\idea_rt.jar=53893:C:\Program Files\JetBrains\IntelliJ IDEA Community Edition 2024.1.4\bin
17-Apr-2025 15:12:39.562 INFO [main] org.apache.catalina.startup.VersionLoggerListener.log Command line argument: -Dfile.encoding=UTF-8
17-Apr-2025 15:12:39.562 INFO [main] org.apache.catalina.startup.VersionLoggerListener.log Command line argument: -Dsun.stdout.encoding=UTF-8
17-Apr-2025 15:12:39.562 INFO [main] org.apache.catalina.startup.VersionLoggerListener.log Command line argument: -Dsun.stderr.encoding=UTF-8
17-Apr-2025 15:12:39.588 INFO [main] org.apache.catalina.core.AprLifecycleListener.lifecycleEvent The Apache Tomcat Native library which allows using OpenSSL was not found on the java.library.path: [C:\Program Files\Java\jdk-21\bin;C:\WINDOWS\Sun\Java\bin;C:\WINDOWS\system32;C:\WINDOWS;C:\Program Files\Common Files\Oracle\Java\javapath;C:\WINDOWS\system32;C:\WINDOWS;C:\WINDOWS\System32\Wbem;C:\WINDOWS\System32\WindowsPowerShell\v1.0\;C:\WINDOWS\System32\OpenSSH\;C:\Program Files\Java\jdk-21\bin;C:\Program Files\MySQL\MySQL Server 8.0\bin;C:\Program Files\Microsoft SQL Server\Client SDK\ODBC\170\Tools\Binn\;C:\Program Files\Microsoft SQL Server\150\Tools\Binn\;C:\Program Files\dotnet\;C:\Program Files (x86)\Microsoft SQL Server\160\Tools\Binn\;C:\Program Files\Microsoft SQL Server\160\Tools\Binn\;C:\Program Files\Microsoft SQL Server\160\DTS\Binn\;C:\Program Files (x86)\Microsoft SQL Server\160\DTS\Binn\;C:\Program Files\Azure Data Studio\bin;C:\Program Files\Microsoft SQL Server\130\Tools\Binn\;C:\xampp\php;C:\Program Files\Git\cmd;C:\Users\Khwahish Shah\AppData\Local\Programs\Python\Python313\Scripts\;C:\Users\Khwahish Shah\AppData\Local\Programs\Python\Python313\;C:\Users\Khwahish Shah\AppData\Local\Microsoft\WindowsApps;C:\Users\Khwahish Shah\AppData\Local\Programs\Microsoft VS Code\bin;C:\Users\Khwahish Shah\.dotnet\tools;C:\Program Files\Azure Data Studio\bin;C:\xampp\php;;C:\Program Files\JetBrains\IntelliJ IDEA 2024.3.1.1\bin;;C:\Program Files\JetBrains\IntelliJ IDEA Community Edition 2024.1.4\bin;;.]
17-Apr-2025 15:12:40.241 INFO [main] org.apache.coyote.AbstractProtocol.init Initializing ProtocolHandler ["http-nio-8080"]
17-Apr-2025 15:12:40.272 INFO [main] org.apache.catalina.startup.Catalina.load Server initialization in [1146] milliseconds
17-Apr-2025 15:12:40.367 INFO [main] org.apache.catalina.core.StandardService.startInternal Starting service [Catalina]
17-Apr-2025 15:12:40.367 INFO [main] org.apache.catalina.core.StandardEngine.startInternal Starting Servlet engine: [Apache Tomcat/9.0.100]
17-Apr-2025 15:12:40.386 INFO [main] org.apache.catalina.startup.HostConfig.deployDescriptor Deploying deployment descriptor [D:\Study\MCA_Science\Sem-2\Advance_Java\advance_java_mini_project\conf\Catalina\localhost\advance_java_mini_project.xml]
17-Apr-2025 15:12:41.505 INFO [main] org.apache.jasper.servlet.TldScanner.scanJars At least one JAR was scanned for TLDs yet contained no TLDs. Enable debug logging for this logger for a complete list of JARs that were scanned but no TLDs were found in them. Skipping unneeded JARs during scanning can improve startup time and JSP compilation time.
17-Apr-2025 15:12:41.586 INFO [main] org.apache.catalina.startup.HostConfig.deployDescriptor Deployment of deployment descriptor [D:\Study\MCA_Science\Sem-2\Advance_Java\advance_java_mini_project\conf\Catalina\localhost\advance_java_mini_project.xml] has finished in [1,199] ms
17-Apr-2025 15:12:41.594 INFO [main] org.apache.coyote.AbstractProtocol.start Starting ProtocolHandler ["http-nio-8080"]
17-Apr-2025 15:12:41.642 INFO [main] org.apache.catalina.startup.Catalina.start Server startup in [1366] milliseconds
