16-Apr-2025 22:05:38.071 INFO [main] org.apache.catalina.startup.VersionLoggerListener.log Server version name:   Apache Tomcat/9.0.100
16-Apr-2025 22:05:38.077 INFO [main] org.apache.catalina.startup.VersionLoggerListener.log Server built:          Feb 13 2025 11:29:56 UTC
16-Apr-2025 22:05:38.077 INFO [main] org.apache.catalina.startup.VersionLoggerListener.log Server version number: 9.0.100.0
16-Apr-2025 22:05:38.077 INFO [main] org.apache.catalina.startup.VersionLoggerListener.log OS Name:               Windows 11
16-Apr-2025 22:05:38.078 INFO [main] org.apache.catalina.startup.VersionLoggerListener.log OS Version:            10.0
16-Apr-2025 22:05:38.078 INFO [main] org.apache.catalina.startup.VersionLoggerListener.log Architecture:          amd64
16-Apr-2025 22:05:38.078 INFO [main] org.apache.catalina.startup.VersionLoggerListener.log Java Home:             C:\Program Files\Java\jdk-21
16-Apr-2025 22:05:38.078 INFO [main] org.apache.catalina.startup.VersionLoggerListener.log JVM Version:           21.0.1+12-LTS-29
16-Apr-2025 22:05:38.078 INFO [main] org.apache.catalina.startup.VersionLoggerListener.log JVM Vendor:            Oracle Corporation
16-Apr-2025 22:05:38.078 INFO [main] org.apache.catalina.startup.VersionLoggerListener.log CATALINA_BASE:         D:\Study\MCA_Science\Sem-2\Advance_Java\advance_java_mini_project
16-Apr-2025 22:05:38.078 INFO [main] org.apache.catalina.startup.VersionLoggerListener.log CATALINA_HOME:         D:\Study\MCA_Science\Sem-2\Advance_Java\advance_java_mini_project\apache-tomcat-9.0.100\apache-tomcat-9.0.100
16-Apr-2025 22:05:38.093 INFO [main] org.apache.catalina.startup.VersionLoggerListener.log Command line argument: --add-opens=java.base/java.lang=ALL-UNNAMED
16-Apr-2025 22:05:38.094 INFO [main] org.apache.catalina.startup.VersionLoggerListener.log Command line argument: --add-opens=java.base/java.io=ALL-UNNAMED
16-Apr-2025 22:05:38.094 INFO [main] org.apache.catalina.startup.VersionLoggerListener.log Command line argument: --add-opens=java.base/java.util=ALL-UNNAMED
16-Apr-2025 22:05:38.094 INFO [main] org.apache.catalina.startup.VersionLoggerListener.log Command line argument: --add-opens=java.base/java.util.concurrent=ALL-UNNAMED
16-Apr-2025 22:05:38.094 INFO [main] org.apache.catalina.startup.VersionLoggerListener.log Command line argument: --add-opens=java.rmi/sun.rmi.transport=ALL-UNNAMED
16-Apr-2025 22:05:38.094 INFO [main] org.apache.catalina.startup.VersionLoggerListener.log Command line argument: -Dcatalina.home=D:\Study\MCA_Science\Sem-2\Advance_Java\advance_java_mini_project\apache-tomcat-9.0.100\apache-tomcat-9.0.100
16-Apr-2025 22:05:38.094 INFO [main] org.apache.catalina.startup.VersionLoggerListener.log Command line argument: -Dcatalina.base=D:\Study\MCA_Science\Sem-2\Advance_Java\advance_java_mini_project
16-Apr-2025 22:05:38.094 INFO [main] org.apache.catalina.startup.VersionLoggerListener.log Command line argument: -Djava.io.tmpdir=D:\Study\MCA_Science\Sem-2\Advance_Java\advance_java_mini_project\temp
16-Apr-2025 22:05:38.094 INFO [main] org.apache.catalina.startup.VersionLoggerListener.log Command line argument: -Djava.util.logging.config.file=D:\Study\MCA_Science\Sem-2\Advance_Java\advance_java_mini_project\conf\logging.properties
16-Apr-2025 22:05:38.094 INFO [main] org.apache.catalina.startup.VersionLoggerListener.log Command line argument: -Djava.util.logging.manager=org.apache.juli.ClassLoaderLogManager
16-Apr-2025 22:05:38.094 INFO [main] org.apache.catalina.startup.VersionLoggerListener.log Command line argument: -javaagent:C:\Program Files\JetBrains\IntelliJ IDEA Community Edition 2024.1.4\lib\idea_rt.jar=55671:C:\Program Files\JetBrains\IntelliJ IDEA Community Edition 2024.1.4\bin
16-Apr-2025 22:05:38.096 INFO [main] org.apache.catalina.startup.VersionLoggerListener.log Command line argument: -Dfile.encoding=UTF-8
16-Apr-2025 22:05:38.096 INFO [main] org.apache.catalina.startup.VersionLoggerListener.log Command line argument: -Dsun.stdout.encoding=UTF-8
16-Apr-2025 22:05:38.096 INFO [main] org.apache.catalina.startup.VersionLoggerListener.log Command line argument: -Dsun.stderr.encoding=UTF-8
16-Apr-2025 22:05:38.108 INFO [main] org.apache.catalina.core.AprLifecycleListener.lifecycleEvent The Apache Tomcat Native library which allows using OpenSSL was not found on the java.library.path: [C:\Program Files\Java\jdk-21\bin;C:\WINDOWS\Sun\Java\bin;C:\WINDOWS\system32;C:\WINDOWS;C:\Program Files\Common Files\Oracle\Java\javapath;C:\WINDOWS\system32;C:\WINDOWS;C:\WINDOWS\System32\Wbem;C:\WINDOWS\System32\WindowsPowerShell\v1.0\;C:\WINDOWS\System32\OpenSSH\;C:\Program Files\Java\jdk-21\bin;C:\Program Files\MySQL\MySQL Server 8.0\bin;C:\Program Files\Microsoft SQL Server\Client SDK\ODBC\170\Tools\Binn\;C:\Program Files\Microsoft SQL Server\150\Tools\Binn\;C:\Program Files\dotnet\;C:\Program Files (x86)\Microsoft SQL Server\160\Tools\Binn\;C:\Program Files\Microsoft SQL Server\160\Tools\Binn\;C:\Program Files\Microsoft SQL Server\160\DTS\Binn\;C:\Program Files (x86)\Microsoft SQL Server\160\DTS\Binn\;C:\Program Files\Azure Data Studio\bin;C:\Program Files\Microsoft SQL Server\130\Tools\Binn\;C:\xampp\php;C:\Users\Khwahish Shah\AppData\Local\Programs\Python\Python313\Scripts\;C:\Users\Khwahish Shah\AppData\Local\Programs\Python\Python313\;C:\Users\Khwahish Shah\AppData\Local\Microsoft\WindowsApps;C:\Users\Khwahish Shah\AppData\Local\Programs\Microsoft VS Code\bin;C:\Users\Khwahish Shah\.dotnet\tools;C:\Program Files\Azure Data Studio\bin;C:\xampp\php;;C:\Program Files\JetBrains\IntelliJ IDEA 2024.3.1.1\bin;;C:\Program Files\JetBrains\IntelliJ IDEA Community Edition 2024.1.4\bin;;.]
16-Apr-2025 22:05:38.708 INFO [main] org.apache.coyote.AbstractProtocol.init Initializing ProtocolHandler ["http-nio-8080"]
16-Apr-2025 22:05:38.741 INFO [main] org.apache.catalina.startup.Catalina.load Server initialization in [1015] milliseconds
16-Apr-2025 22:05:38.823 INFO [main] org.apache.catalina.core.StandardService.startInternal Starting service [Catalina]
16-Apr-2025 22:05:38.823 INFO [main] org.apache.catalina.core.StandardEngine.startInternal Starting Servlet engine: [Apache Tomcat/9.0.100]
16-Apr-2025 22:05:38.840 INFO [main] org.apache.catalina.startup.HostConfig.deployDescriptor Deploying deployment descriptor [D:\Study\MCA_Science\Sem-2\Advance_Java\advance_java_mini_project\conf\Catalina\localhost\advance_java_mini_project.xml]
16-Apr-2025 22:05:39.921 INFO [main] org.apache.jasper.servlet.TldScanner.scanJars At least one JAR was scanned for TLDs yet contained no TLDs. Enable debug logging for this logger for a complete list of JARs that were scanned but no TLDs were found in them. Skipping unneeded JARs during scanning can improve startup time and JSP compilation time.
16-Apr-2025 22:05:40.001 INFO [main] org.apache.catalina.startup.HostConfig.deployDescriptor Deployment of deployment descriptor [D:\Study\MCA_Science\Sem-2\Advance_Java\advance_java_mini_project\conf\Catalina\localhost\advance_java_mini_project.xml] has finished in [1,159] ms
16-Apr-2025 22:05:40.007 INFO [main] org.apache.coyote.AbstractProtocol.start Starting ProtocolHandler ["http-nio-8080"]
16-Apr-2025 22:05:40.046 INFO [main] org.apache.catalina.startup.Catalina.start Server startup in [1302] milliseconds
16-Apr-2025 22:19:32.755 INFO [Thread-1] org.apache.coyote.AbstractProtocol.pause Pausing ProtocolHandler ["http-nio-8080"]
16-Apr-2025 22:19:32.765 INFO [Thread-1] org.apache.catalina.core.StandardService.stopInternal Stopping service [Catalina]
16-Apr-2025 22:19:32.795 INFO [Thread-1] org.apache.coyote.AbstractProtocol.stop Stopping ProtocolHandler ["http-nio-8080"]
16-Apr-2025 22:19:32.807 INFO [Thread-1] org.apache.coyote.AbstractProtocol.destroy Destroying ProtocolHandler ["http-nio-8080"]
16-Apr-2025 22:19:36.872 INFO [main] org.apache.catalina.startup.VersionLoggerListener.log Server version name:   Apache Tomcat/9.0.100
16-Apr-2025 22:19:36.879 INFO [main] org.apache.catalina.startup.VersionLoggerListener.log Server built:          Feb 13 2025 11:29:56 UTC
16-Apr-2025 22:19:36.879 INFO [main] org.apache.catalina.startup.VersionLoggerListener.log Server version number: 9.0.100.0
16-Apr-2025 22:19:36.879 INFO [main] org.apache.catalina.startup.VersionLoggerListener.log OS Name:               Windows 11
16-Apr-2025 22:19:36.879 INFO [main] org.apache.catalina.startup.VersionLoggerListener.log OS Version:            10.0
16-Apr-2025 22:19:36.879 INFO [main] org.apache.catalina.startup.VersionLoggerListener.log Architecture:          amd64
16-Apr-2025 22:19:36.879 INFO [main] org.apache.catalina.startup.VersionLoggerListener.log Java Home:             C:\Program Files\Java\jdk-21
16-Apr-2025 22:19:36.879 INFO [main] org.apache.catalina.startup.VersionLoggerListener.log JVM Version:           21.0.1+12-LTS-29
16-Apr-2025 22:19:36.879 INFO [main] org.apache.catalina.startup.VersionLoggerListener.log JVM Vendor:            Oracle Corporation
16-Apr-2025 22:19:36.879 INFO [main] org.apache.catalina.startup.VersionLoggerListener.log CATALINA_BASE:         D:\Study\MCA_Science\Sem-2\Advance_Java\advance_java_mini_project
16-Apr-2025 22:19:36.880 INFO [main] org.apache.catalina.startup.VersionLoggerListener.log CATALINA_HOME:         D:\Study\MCA_Science\Sem-2\Advance_Java\advance_java_mini_project\apache-tomcat-9.0.100\apache-tomcat-9.0.100
16-Apr-2025 22:19:36.895 INFO [main] org.apache.catalina.startup.VersionLoggerListener.log Command line argument: --add-opens=java.base/java.lang=ALL-UNNAMED
16-Apr-2025 22:19:36.895 INFO [main] org.apache.catalina.startup.VersionLoggerListener.log Command line argument: --add-opens=java.base/java.io=ALL-UNNAMED
16-Apr-2025 22:19:36.895 INFO [main] org.apache.catalina.startup.VersionLoggerListener.log Command line argument: --add-opens=java.base/java.util=ALL-UNNAMED
16-Apr-2025 22:19:36.895 INFO [main] org.apache.catalina.startup.VersionLoggerListener.log Command line argument: --add-opens=java.base/java.util.concurrent=ALL-UNNAMED
16-Apr-2025 22:19:36.895 INFO [main] org.apache.catalina.startup.VersionLoggerListener.log Command line argument: --add-opens=java.rmi/sun.rmi.transport=ALL-UNNAMED
16-Apr-2025 22:19:36.895 INFO [main] org.apache.catalina.startup.VersionLoggerListener.log Command line argument: -Dcatalina.home=D:\Study\MCA_Science\Sem-2\Advance_Java\advance_java_mini_project\apache-tomcat-9.0.100\apache-tomcat-9.0.100
16-Apr-2025 22:19:36.895 INFO [main] org.apache.catalina.startup.VersionLoggerListener.log Command line argument: -Dcatalina.base=D:\Study\MCA_Science\Sem-2\Advance_Java\advance_java_mini_project
16-Apr-2025 22:19:36.896 INFO [main] org.apache.catalina.startup.VersionLoggerListener.log Command line argument: -Djava.io.tmpdir=D:\Study\MCA_Science\Sem-2\Advance_Java\advance_java_mini_project\temp
16-Apr-2025 22:19:36.896 INFO [main] org.apache.catalina.startup.VersionLoggerListener.log Command line argument: -Djava.util.logging.config.file=D:\Study\MCA_Science\Sem-2\Advance_Java\advance_java_mini_project\conf\logging.properties
16-Apr-2025 22:19:36.896 INFO [main] org.apache.catalina.startup.VersionLoggerListener.log Command line argument: -Djava.util.logging.manager=org.apache.juli.ClassLoaderLogManager
16-Apr-2025 22:19:36.896 INFO [main] org.apache.catalina.startup.VersionLoggerListener.log Command line argument: -javaagent:C:\Program Files\JetBrains\IntelliJ IDEA Community Edition 2024.1.4\lib\idea_rt.jar=56667:C:\Program Files\JetBrains\IntelliJ IDEA Community Edition 2024.1.4\bin
16-Apr-2025 22:19:36.896 INFO [main] org.apache.catalina.startup.VersionLoggerListener.log Command line argument: -Dfile.encoding=UTF-8
16-Apr-2025 22:19:36.896 INFO [main] org.apache.catalina.startup.VersionLoggerListener.log Command line argument: -Dsun.stdout.encoding=UTF-8
16-Apr-2025 22:19:36.896 INFO [main] org.apache.catalina.startup.VersionLoggerListener.log Command line argument: -Dsun.stderr.encoding=UTF-8
16-Apr-2025 22:19:36.910 INFO [main] org.apache.catalina.core.AprLifecycleListener.lifecycleEvent The Apache Tomcat Native library which allows using OpenSSL was not found on the java.library.path: [C:\Program Files\Java\jdk-21\bin;C:\WINDOWS\Sun\Java\bin;C:\WINDOWS\system32;C:\WINDOWS;C:\Program Files\Common Files\Oracle\Java\javapath;C:\WINDOWS\system32;C:\WINDOWS;C:\WINDOWS\System32\Wbem;C:\WINDOWS\System32\WindowsPowerShell\v1.0\;C:\WINDOWS\System32\OpenSSH\;C:\Program Files\Java\jdk-21\bin;C:\Program Files\MySQL\MySQL Server 8.0\bin;C:\Program Files\Microsoft SQL Server\Client SDK\ODBC\170\Tools\Binn\;C:\Program Files\Microsoft SQL Server\150\Tools\Binn\;C:\Program Files\dotnet\;C:\Program Files (x86)\Microsoft SQL Server\160\Tools\Binn\;C:\Program Files\Microsoft SQL Server\160\Tools\Binn\;C:\Program Files\Microsoft SQL Server\160\DTS\Binn\;C:\Program Files (x86)\Microsoft SQL Server\160\DTS\Binn\;C:\Program Files\Azure Data Studio\bin;C:\Program Files\Microsoft SQL Server\130\Tools\Binn\;C:\xampp\php;C:\Users\Khwahish Shah\AppData\Local\Programs\Python\Python313\Scripts\;C:\Users\Khwahish Shah\AppData\Local\Programs\Python\Python313\;C:\Users\Khwahish Shah\AppData\Local\Microsoft\WindowsApps;C:\Users\Khwahish Shah\AppData\Local\Programs\Microsoft VS Code\bin;C:\Users\Khwahish Shah\.dotnet\tools;C:\Program Files\Azure Data Studio\bin;C:\xampp\php;;C:\Program Files\JetBrains\IntelliJ IDEA 2024.3.1.1\bin;;C:\Program Files\JetBrains\IntelliJ IDEA Community Edition 2024.1.4\bin;;.]
16-Apr-2025 22:19:37.509 INFO [main] org.apache.coyote.AbstractProtocol.init Initializing ProtocolHandler ["http-nio-8080"]
16-Apr-2025 22:19:37.543 INFO [main] org.apache.catalina.startup.Catalina.load Server initialization in [1012] milliseconds
16-Apr-2025 22:19:37.617 INFO [main] org.apache.catalina.core.StandardService.startInternal Starting service [Catalina]
16-Apr-2025 22:19:37.618 INFO [main] org.apache.catalina.core.StandardEngine.startInternal Starting Servlet engine: [Apache Tomcat/9.0.100]
16-Apr-2025 22:19:37.634 INFO [main] org.apache.catalina.startup.HostConfig.deployDescriptor Deploying deployment descriptor [D:\Study\MCA_Science\Sem-2\Advance_Java\advance_java_mini_project\conf\Catalina\localhost\advance_java_mini_project.xml]
16-Apr-2025 22:19:38.724 INFO [main] org.apache.jasper.servlet.TldScanner.scanJars At least one JAR was scanned for TLDs yet contained no TLDs. Enable debug logging for this logger for a complete list of JARs that were scanned but no TLDs were found in them. Skipping unneeded JARs during scanning can improve startup time and JSP compilation time.
16-Apr-2025 22:19:38.834 INFO [main] org.apache.catalina.startup.HostConfig.deployDescriptor Deployment of deployment descriptor [D:\Study\MCA_Science\Sem-2\Advance_Java\advance_java_mini_project\conf\Catalina\localhost\advance_java_mini_project.xml] has finished in [1,198] ms
16-Apr-2025 22:19:38.841 INFO [main] org.apache.coyote.AbstractProtocol.start Starting ProtocolHandler ["http-nio-8080"]
16-Apr-2025 22:19:38.878 INFO [main] org.apache.catalina.startup.Catalina.start Server startup in [1333] milliseconds
16-Apr-2025 22:39:11.878 INFO [Thread-1] org.apache.coyote.AbstractProtocol.pause Pausing ProtocolHandler ["http-nio-8080"]
16-Apr-2025 22:39:11.920 INFO [Thread-1] org.apache.catalina.core.StandardService.stopInternal Stopping service [Catalina]
16-Apr-2025 22:39:12.055 INFO [Thread-1] org.apache.coyote.AbstractProtocol.stop Stopping ProtocolHandler ["http-nio-8080"]
16-Apr-2025 22:39:12.068 INFO [Thread-1] org.apache.coyote.AbstractProtocol.destroy Destroying ProtocolHandler ["http-nio-8080"]
16-Apr-2025 22:39:15.356 INFO [main] org.apache.catalina.startup.VersionLoggerListener.log Server version name:   Apache Tomcat/9.0.100
16-Apr-2025 22:39:15.362 INFO [main] org.apache.catalina.startup.VersionLoggerListener.log Server built:          Feb 13 2025 11:29:56 UTC
16-Apr-2025 22:39:15.363 INFO [main] org.apache.catalina.startup.VersionLoggerListener.log Server version number: 9.0.100.0
16-Apr-2025 22:39:15.363 INFO [main] org.apache.catalina.startup.VersionLoggerListener.log OS Name:               Windows 11
16-Apr-2025 22:39:15.363 INFO [main] org.apache.catalina.startup.VersionLoggerListener.log OS Version:            10.0
16-Apr-2025 22:39:15.363 INFO [main] org.apache.catalina.startup.VersionLoggerListener.log Architecture:          amd64
16-Apr-2025 22:39:15.363 INFO [main] org.apache.catalina.startup.VersionLoggerListener.log Java Home:             C:\Program Files\Java\jdk-21
16-Apr-2025 22:39:15.364 INFO [main] org.apache.catalina.startup.VersionLoggerListener.log JVM Version:           21.0.1+12-LTS-29
16-Apr-2025 22:39:15.364 INFO [main] org.apache.catalina.startup.VersionLoggerListener.log JVM Vendor:            Oracle Corporation
16-Apr-2025 22:39:15.364 INFO [main] org.apache.catalina.startup.VersionLoggerListener.log CATALINA_BASE:         D:\Study\MCA_Science\Sem-2\Advance_Java\advance_java_mini_project
16-Apr-2025 22:39:15.364 INFO [main] org.apache.catalina.startup.VersionLoggerListener.log CATALINA_HOME:         D:\Study\MCA_Science\Sem-2\Advance_Java\advance_java_mini_project\apache-tomcat-9.0.100\apache-tomcat-9.0.100
16-Apr-2025 22:39:15.378 INFO [main] org.apache.catalina.startup.VersionLoggerListener.log Command line argument: --add-opens=java.base/java.lang=ALL-UNNAMED
16-Apr-2025 22:39:15.378 INFO [main] org.apache.catalina.startup.VersionLoggerListener.log Command line argument: --add-opens=java.base/java.io=ALL-UNNAMED
16-Apr-2025 22:39:15.380 INFO [main] org.apache.catalina.startup.VersionLoggerListener.log Command line argument: --add-opens=java.base/java.util=ALL-UNNAMED
16-Apr-2025 22:39:15.380 INFO [main] org.apache.catalina.startup.VersionLoggerListener.log Command line argument: --add-opens=java.base/java.util.concurrent=ALL-UNNAMED
16-Apr-2025 22:39:15.380 INFO [main] org.apache.catalina.startup.VersionLoggerListener.log Command line argument: --add-opens=java.rmi/sun.rmi.transport=ALL-UNNAMED
16-Apr-2025 22:39:15.380 INFO [main] org.apache.catalina.startup.VersionLoggerListener.log Command line argument: -Dcatalina.home=D:\Study\MCA_Science\Sem-2\Advance_Java\advance_java_mini_project\apache-tomcat-9.0.100\apache-tomcat-9.0.100
16-Apr-2025 22:39:15.380 INFO [main] org.apache.catalina.startup.VersionLoggerListener.log Command line argument: -Dcatalina.base=D:\Study\MCA_Science\Sem-2\Advance_Java\advance_java_mini_project
16-Apr-2025 22:39:15.380 INFO [main] org.apache.catalina.startup.VersionLoggerListener.log Command line argument: -Djava.io.tmpdir=D:\Study\MCA_Science\Sem-2\Advance_Java\advance_java_mini_project\temp
16-Apr-2025 22:39:15.380 INFO [main] org.apache.catalina.startup.VersionLoggerListener.log Command line argument: -Djava.util.logging.config.file=D:\Study\MCA_Science\Sem-2\Advance_Java\advance_java_mini_project\conf\logging.properties
16-Apr-2025 22:39:15.380 INFO [main] org.apache.catalina.startup.VersionLoggerListener.log Command line argument: -Djava.util.logging.manager=org.apache.juli.ClassLoaderLogManager
16-Apr-2025 22:39:15.381 INFO [main] org.apache.catalina.startup.VersionLoggerListener.log Command line argument: -javaagent:C:\Program Files\JetBrains\IntelliJ IDEA Community Edition 2024.1.4\lib\idea_rt.jar=58881:C:\Program Files\JetBrains\IntelliJ IDEA Community Edition 2024.1.4\bin
16-Apr-2025 22:39:15.381 INFO [main] org.apache.catalina.startup.VersionLoggerListener.log Command line argument: -Dfile.encoding=UTF-8
16-Apr-2025 22:39:15.381 INFO [main] org.apache.catalina.startup.VersionLoggerListener.log Command line argument: -Dsun.stdout.encoding=UTF-8
16-Apr-2025 22:39:15.381 INFO [main] org.apache.catalina.startup.VersionLoggerListener.log Command line argument: -Dsun.stderr.encoding=UTF-8
16-Apr-2025 22:39:15.406 INFO [main] org.apache.catalina.core.AprLifecycleListener.lifecycleEvent The Apache Tomcat Native library which allows using OpenSSL was not found on the java.library.path: [C:\Program Files\Java\jdk-21\bin;C:\WINDOWS\Sun\Java\bin;C:\WINDOWS\system32;C:\WINDOWS;C:\Program Files\Common Files\Oracle\Java\javapath;C:\WINDOWS\system32;C:\WINDOWS;C:\WINDOWS\System32\Wbem;C:\WINDOWS\System32\WindowsPowerShell\v1.0\;C:\WINDOWS\System32\OpenSSH\;C:\Program Files\Java\jdk-21\bin;C:\Program Files\MySQL\MySQL Server 8.0\bin;C:\Program Files\Microsoft SQL Server\Client SDK\ODBC\170\Tools\Binn\;C:\Program Files\Microsoft SQL Server\150\Tools\Binn\;C:\Program Files\dotnet\;C:\Program Files (x86)\Microsoft SQL Server\160\Tools\Binn\;C:\Program Files\Microsoft SQL Server\160\Tools\Binn\;C:\Program Files\Microsoft SQL Server\160\DTS\Binn\;C:\Program Files (x86)\Microsoft SQL Server\160\DTS\Binn\;C:\Program Files\Azure Data Studio\bin;C:\Program Files\Microsoft SQL Server\130\Tools\Binn\;C:\xampp\php;C:\Users\Khwahish Shah\AppData\Local\Programs\Python\Python313\Scripts\;C:\Users\Khwahish Shah\AppData\Local\Programs\Python\Python313\;C:\Users\Khwahish Shah\AppData\Local\Microsoft\WindowsApps;C:\Users\Khwahish Shah\AppData\Local\Programs\Microsoft VS Code\bin;C:\Users\Khwahish Shah\.dotnet\tools;C:\Program Files\Azure Data Studio\bin;C:\xampp\php;;C:\Program Files\JetBrains\IntelliJ IDEA 2024.3.1.1\bin;;C:\Program Files\JetBrains\IntelliJ IDEA Community Edition 2024.1.4\bin;;.]
16-Apr-2025 22:39:16.051 INFO [main] org.apache.coyote.AbstractProtocol.init Initializing ProtocolHandler ["http-nio-8080"]
16-Apr-2025 22:39:16.084 INFO [main] org.apache.catalina.startup.Catalina.load Server initialization in [1103] milliseconds
16-Apr-2025 22:39:16.174 INFO [main] org.apache.catalina.core.StandardService.startInternal Starting service [Catalina]
16-Apr-2025 22:39:16.174 INFO [main] org.apache.catalina.core.StandardEngine.startInternal Starting Servlet engine: [Apache Tomcat/9.0.100]
16-Apr-2025 22:39:16.188 INFO [main] org.apache.catalina.startup.HostConfig.deployDescriptor Deploying deployment descriptor [D:\Study\MCA_Science\Sem-2\Advance_Java\advance_java_mini_project\conf\Catalina\localhost\advance_java_mini_project.xml]
16-Apr-2025 22:39:17.286 INFO [main] org.apache.jasper.servlet.TldScanner.scanJars At least one JAR was scanned for TLDs yet contained no TLDs. Enable debug logging for this logger for a complete list of JARs that were scanned but no TLDs were found in them. Skipping unneeded JARs during scanning can improve startup time and JSP compilation time.
16-Apr-2025 22:39:17.393 INFO [main] org.apache.catalina.startup.HostConfig.deployDescriptor Deployment of deployment descriptor [D:\Study\MCA_Science\Sem-2\Advance_Java\advance_java_mini_project\conf\Catalina\localhost\advance_java_mini_project.xml] has finished in [1,205] ms
16-Apr-2025 22:39:17.400 INFO [main] org.apache.coyote.AbstractProtocol.start Starting ProtocolHandler ["http-nio-8080"]
16-Apr-2025 22:39:17.439 INFO [main] org.apache.catalina.startup.Catalina.start Server startup in [1351] milliseconds
16-Apr-2025 22:39:30.706 INFO [Thread-1] org.apache.coyote.AbstractProtocol.pause Pausing ProtocolHandler ["http-nio-8080"]
16-Apr-2025 22:39:30.722 INFO [Thread-1] org.apache.catalina.core.StandardService.stopInternal Stopping service [Catalina]
16-Apr-2025 22:39:30.742 INFO [Thread-1] org.apache.coyote.AbstractProtocol.stop Stopping ProtocolHandler ["http-nio-8080"]
16-Apr-2025 22:39:30.758 INFO [Thread-1] org.apache.coyote.AbstractProtocol.destroy Destroying ProtocolHandler ["http-nio-8080"]
16-Apr-2025 22:39:36.263 INFO [main] org.apache.catalina.startup.VersionLoggerListener.log Server version name:   Apache Tomcat/9.0.100
16-Apr-2025 22:39:36.270 INFO [main] org.apache.catalina.startup.VersionLoggerListener.log Server built:          Feb 13 2025 11:29:56 UTC
16-Apr-2025 22:39:36.270 INFO [main] org.apache.catalina.startup.VersionLoggerListener.log Server version number: 9.0.100.0
16-Apr-2025 22:39:36.271 INFO [main] org.apache.catalina.startup.VersionLoggerListener.log OS Name:               Windows 11
16-Apr-2025 22:39:36.271 INFO [main] org.apache.catalina.startup.VersionLoggerListener.log OS Version:            10.0
16-Apr-2025 22:39:36.271 INFO [main] org.apache.catalina.startup.VersionLoggerListener.log Architecture:          amd64
16-Apr-2025 22:39:36.271 INFO [main] org.apache.catalina.startup.VersionLoggerListener.log Java Home:             C:\Program Files\Java\jdk-21
16-Apr-2025 22:39:36.271 INFO [main] org.apache.catalina.startup.VersionLoggerListener.log JVM Version:           21.0.1+12-LTS-29
16-Apr-2025 22:39:36.271 INFO [main] org.apache.catalina.startup.VersionLoggerListener.log JVM Vendor:            Oracle Corporation
16-Apr-2025 22:39:36.272 INFO [main] org.apache.catalina.startup.VersionLoggerListener.log CATALINA_BASE:         D:\Study\MCA_Science\Sem-2\Advance_Java\advance_java_mini_project
16-Apr-2025 22:39:36.272 INFO [main] org.apache.catalina.startup.VersionLoggerListener.log CATALINA_HOME:         D:\Study\MCA_Science\Sem-2\Advance_Java\advance_java_mini_project\apache-tomcat-9.0.100\apache-tomcat-9.0.100
16-Apr-2025 22:39:36.288 INFO [main] org.apache.catalina.startup.VersionLoggerListener.log Command line argument: --add-opens=java.base/java.lang=ALL-UNNAMED
16-Apr-2025 22:39:36.289 INFO [main] org.apache.catalina.startup.VersionLoggerListener.log Command line argument: --add-opens=java.base/java.io=ALL-UNNAMED
16-Apr-2025 22:39:36.289 INFO [main] org.apache.catalina.startup.VersionLoggerListener.log Command line argument: --add-opens=java.base/java.util=ALL-UNNAMED
16-Apr-2025 22:39:36.289 INFO [main] org.apache.catalina.startup.VersionLoggerListener.log Command line argument: --add-opens=java.base/java.util.concurrent=ALL-UNNAMED
16-Apr-2025 22:39:36.289 INFO [main] org.apache.catalina.startup.VersionLoggerListener.log Command line argument: --add-opens=java.rmi/sun.rmi.transport=ALL-UNNAMED
16-Apr-2025 22:39:36.290 INFO [main] org.apache.catalina.startup.VersionLoggerListener.log Command line argument: -Dcatalina.home=D:\Study\MCA_Science\Sem-2\Advance_Java\advance_java_mini_project\apache-tomcat-9.0.100\apache-tomcat-9.0.100
16-Apr-2025 22:39:36.290 INFO [main] org.apache.catalina.startup.VersionLoggerListener.log Command line argument: -Dcatalina.base=D:\Study\MCA_Science\Sem-2\Advance_Java\advance_java_mini_project
16-Apr-2025 22:39:36.290 INFO [main] org.apache.catalina.startup.VersionLoggerListener.log Command line argument: -Djava.io.tmpdir=D:\Study\MCA_Science\Sem-2\Advance_Java\advance_java_mini_project\temp
16-Apr-2025 22:39:36.290 INFO [main] org.apache.catalina.startup.VersionLoggerListener.log Command line argument: -Djava.util.logging.config.file=D:\Study\MCA_Science\Sem-2\Advance_Java\advance_java_mini_project\conf\logging.properties
16-Apr-2025 22:39:36.290 INFO [main] org.apache.catalina.startup.VersionLoggerListener.log Command line argument: -Djava.util.logging.manager=org.apache.juli.ClassLoaderLogManager
16-Apr-2025 22:39:36.290 INFO [main] org.apache.catalina.startup.VersionLoggerListener.log Command line argument: -javaagent:C:\Program Files\JetBrains\IntelliJ IDEA Community Edition 2024.1.4\lib\idea_rt.jar=58894:C:\Program Files\JetBrains\IntelliJ IDEA Community Edition 2024.1.4\bin
16-Apr-2025 22:39:36.290 INFO [main] org.apache.catalina.startup.VersionLoggerListener.log Command line argument: -Dfile.encoding=UTF-8
16-Apr-2025 22:39:36.291 INFO [main] org.apache.catalina.startup.VersionLoggerListener.log Command line argument: -Dsun.stdout.encoding=UTF-8
16-Apr-2025 22:39:36.291 INFO [main] org.apache.catalina.startup.VersionLoggerListener.log Command line argument: -Dsun.stderr.encoding=UTF-8
16-Apr-2025 22:39:36.303 INFO [main] org.apache.catalina.core.AprLifecycleListener.lifecycleEvent The Apache Tomcat Native library which allows using OpenSSL was not found on the java.library.path: [C:\Program Files\Java\jdk-21\bin;C:\WINDOWS\Sun\Java\bin;C:\WINDOWS\system32;C:\WINDOWS;C:\Program Files\Common Files\Oracle\Java\javapath;C:\WINDOWS\system32;C:\WINDOWS;C:\WINDOWS\System32\Wbem;C:\WINDOWS\System32\WindowsPowerShell\v1.0\;C:\WINDOWS\System32\OpenSSH\;C:\Program Files\Java\jdk-21\bin;C:\Program Files\MySQL\MySQL Server 8.0\bin;C:\Program Files\Microsoft SQL Server\Client SDK\ODBC\170\Tools\Binn\;C:\Program Files\Microsoft SQL Server\150\Tools\Binn\;C:\Program Files\dotnet\;C:\Program Files (x86)\Microsoft SQL Server\160\Tools\Binn\;C:\Program Files\Microsoft SQL Server\160\Tools\Binn\;C:\Program Files\Microsoft SQL Server\160\DTS\Binn\;C:\Program Files (x86)\Microsoft SQL Server\160\DTS\Binn\;C:\Program Files\Azure Data Studio\bin;C:\Program Files\Microsoft SQL Server\130\Tools\Binn\;C:\xampp\php;C:\Users\Khwahish Shah\AppData\Local\Programs\Python\Python313\Scripts\;C:\Users\Khwahish Shah\AppData\Local\Programs\Python\Python313\;C:\Users\Khwahish Shah\AppData\Local\Microsoft\WindowsApps;C:\Users\Khwahish Shah\AppData\Local\Programs\Microsoft VS Code\bin;C:\Users\Khwahish Shah\.dotnet\tools;C:\Program Files\Azure Data Studio\bin;C:\xampp\php;;C:\Program Files\JetBrains\IntelliJ IDEA 2024.3.1.1\bin;;C:\Program Files\JetBrains\IntelliJ IDEA Community Edition 2024.1.4\bin;;.]
16-Apr-2025 22:39:36.897 INFO [main] org.apache.coyote.AbstractProtocol.init Initializing ProtocolHandler ["http-nio-8080"]
16-Apr-2025 22:39:36.931 INFO [main] org.apache.catalina.startup.Catalina.load Server initialization in [1052] milliseconds
16-Apr-2025 22:39:37.006 INFO [main] org.apache.catalina.core.StandardService.startInternal Starting service [Catalina]
16-Apr-2025 22:39:37.007 INFO [main] org.apache.catalina.core.StandardEngine.startInternal Starting Servlet engine: [Apache Tomcat/9.0.100]
16-Apr-2025 22:39:37.019 INFO [main] org.apache.catalina.startup.HostConfig.deployDescriptor Deploying deployment descriptor [D:\Study\MCA_Science\Sem-2\Advance_Java\advance_java_mini_project\conf\Catalina\localhost\advance_java_mini_project.xml]
16-Apr-2025 22:39:38.056 INFO [main] org.apache.jasper.servlet.TldScanner.scanJars At least one JAR was scanned for TLDs yet contained no TLDs. Enable debug logging for this logger for a complete list of JARs that were scanned but no TLDs were found in them. Skipping unneeded JARs during scanning can improve startup time and JSP compilation time.
16-Apr-2025 22:39:38.164 INFO [main] org.apache.catalina.startup.HostConfig.deployDescriptor Deployment of deployment descriptor [D:\Study\MCA_Science\Sem-2\Advance_Java\advance_java_mini_project\conf\Catalina\localhost\advance_java_mini_project.xml] has finished in [1,144] ms
16-Apr-2025 22:39:38.170 INFO [main] org.apache.coyote.AbstractProtocol.start Starting ProtocolHandler ["http-nio-8080"]
16-Apr-2025 22:39:38.208 INFO [main] org.apache.catalina.startup.Catalina.start Server startup in [1274] milliseconds
16-Apr-2025 22:50:54.763 INFO [Thread-1] org.apache.coyote.AbstractProtocol.pause Pausing ProtocolHandler ["http-nio-8080"]
16-Apr-2025 22:50:54.779 INFO [Thread-1] org.apache.catalina.core.StandardService.stopInternal Stopping service [Catalina]
16-Apr-2025 22:50:54.839 INFO [Thread-1] org.apache.coyote.AbstractProtocol.stop Stopping ProtocolHandler ["http-nio-8080"]
16-Apr-2025 22:50:54.850 INFO [Thread-1] org.apache.coyote.AbstractProtocol.destroy Destroying ProtocolHandler ["http-nio-8080"]
