21-Apr-2025 23:45:34.031 INFO [main] org.apache.catalina.startup.VersionLoggerListener.log Server version name:   Apache Tomcat/9.0.100
21-Apr-2025 23:45:34.038 INFO [main] org.apache.catalina.startup.VersionLoggerListener.log Server built:          Feb 13 2025 11:29:56 UTC
21-Apr-2025 23:45:34.039 INFO [main] org.apache.catalina.startup.VersionLoggerListener.log Server version number: 9.0.100.0
21-Apr-2025 23:45:34.039 INFO [main] org.apache.catalina.startup.VersionLoggerListener.log OS Name:               Windows 11
21-Apr-2025 23:45:34.039 INFO [main] org.apache.catalina.startup.VersionLoggerListener.log OS Version:            10.0
21-Apr-2025 23:45:34.039 INFO [main] org.apache.catalina.startup.VersionLoggerListener.log Architecture:          amd64
21-Apr-2025 23:45:34.039 INFO [main] org.apache.catalina.startup.VersionLoggerListener.log Java Home:             C:\Users\Khwahish Shah\.jdks\jbr-17.0.14
21-Apr-2025 23:45:34.039 INFO [main] org.apache.catalina.startup.VersionLoggerListener.log JVM Version:           17.0.14+1-b1367.22
21-Apr-2025 23:45:34.039 INFO [main] org.apache.catalina.startup.VersionLoggerListener.log JVM Vendor:            JetBrains s.r.o.
21-Apr-2025 23:45:34.039 INFO [main] org.apache.catalina.startup.VersionLoggerListener.log CATALINA_BASE:         D:\Study\MCA_Science\Sem-2\Advance_Java\advance_java_mini_project
21-Apr-2025 23:45:34.039 INFO [main] org.apache.catalina.startup.VersionLoggerListener.log CATALINA_HOME:         D:\Study\MCA_Science\Sem-2\Advance_Java\advance_java_mini_project\apache-tomcat-9.0.100\apache-tomcat-9.0.100
21-Apr-2025 23:45:34.056 INFO [main] org.apache.catalina.startup.VersionLoggerListener.log Command line argument: --add-opens=java.base/java.lang=ALL-UNNAMED
21-Apr-2025 23:45:34.056 INFO [main] org.apache.catalina.startup.VersionLoggerListener.log Command line argument: --add-opens=java.base/java.io=ALL-UNNAMED
21-Apr-2025 23:45:34.057 INFO [main] org.apache.catalina.startup.VersionLoggerListener.log Command line argument: --add-opens=java.base/java.util=ALL-UNNAMED
21-Apr-2025 23:45:34.057 INFO [main] org.apache.catalina.startup.VersionLoggerListener.log Command line argument: --add-opens=java.base/java.util.concurrent=ALL-UNNAMED
21-Apr-2025 23:45:34.057 INFO [main] org.apache.catalina.startup.VersionLoggerListener.log Command line argument: --add-opens=java.rmi/sun.rmi.transport=ALL-UNNAMED
21-Apr-2025 23:45:34.057 INFO [main] org.apache.catalina.startup.VersionLoggerListener.log Command line argument: -Dcatalina.home=D:\Study\MCA_Science\Sem-2\Advance_Java\advance_java_mini_project\apache-tomcat-9.0.100\apache-tomcat-9.0.100
21-Apr-2025 23:45:34.057 INFO [main] org.apache.catalina.startup.VersionLoggerListener.log Command line argument: -Dcatalina.base=D:\Study\MCA_Science\Sem-2\Advance_Java\advance_java_mini_project
21-Apr-2025 23:45:34.057 INFO [main] org.apache.catalina.startup.VersionLoggerListener.log Command line argument: -Djava.io.tmpdir=D:\Study\MCA_Science\Sem-2\Advance_Java\advance_java_mini_project\temp
21-Apr-2025 23:45:34.058 INFO [main] org.apache.catalina.startup.VersionLoggerListener.log Command line argument: -Djava.util.logging.config.file=D:\Study\MCA_Science\Sem-2\Advance_Java\advance_java_mini_project\conf\logging.properties
21-Apr-2025 23:45:34.058 INFO [main] org.apache.catalina.startup.VersionLoggerListener.log Command line argument: -Djava.util.logging.manager=org.apache.juli.ClassLoaderLogManager
21-Apr-2025 23:45:34.058 INFO [main] org.apache.catalina.startup.VersionLoggerListener.log Command line argument: -javaagent:C:\Program Files\JetBrains\IntelliJ IDEA Community Edition 2024.1.4\lib\idea_rt.jar=49865:C:\Program Files\JetBrains\IntelliJ IDEA Community Edition 2024.1.4\bin
21-Apr-2025 23:45:34.058 INFO [main] org.apache.catalina.startup.VersionLoggerListener.log Command line argument: -Dfile.encoding=UTF-8
21-Apr-2025 23:45:34.074 INFO [main] org.apache.catalina.core.AprLifecycleListener.lifecycleEvent The Apache Tomcat Native library which allows using OpenSSL was not found on the java.library.path: [C:\Users\Khwahish Shah\.jdks\jbr-17.0.14\bin;C:\WINDOWS\Sun\Java\bin;C:\WINDOWS\system32;C:\WINDOWS;C:\Program Files\Common Files\Oracle\Java\javapath;C:\WINDOWS\system32;C:\WINDOWS;C:\WINDOWS\System32\Wbem;C:\WINDOWS\System32\WindowsPowerShell\v1.0\;C:\WINDOWS\System32\OpenSSH\;C:\Program Files\Java\jdk-21\bin;C:\Program Files\MySQL\MySQL Server 8.0\bin;C:\Program Files\Microsoft SQL Server\Client SDK\ODBC\170\Tools\Binn\;C:\Program Files\Microsoft SQL Server\150\Tools\Binn\;C:\Program Files\dotnet\;C:\Program Files (x86)\Microsoft SQL Server\160\Tools\Binn\;C:\Program Files\Microsoft SQL Server\160\Tools\Binn\;C:\Program Files\Microsoft SQL Server\160\DTS\Binn\;C:\Program Files (x86)\Microsoft SQL Server\160\DTS\Binn\;C:\Program Files\Azure Data Studio\bin;C:\Program Files\Microsoft SQL Server\130\Tools\Binn\;C:\xampp\php;C:\Program Files\Git\cmd;C:\Users\Khwahish Shah\AppData\Local\Programs\Python\Python313\Scripts\;C:\Users\Khwahish Shah\AppData\Local\Programs\Python\Python313\;C:\Users\Khwahish Shah\AppData\Local\Microsoft\WindowsApps;C:\Users\Khwahish Shah\AppData\Local\Programs\Microsoft VS Code\bin;C:\Users\Khwahish Shah\.dotnet\tools;C:\Program Files\Azure Data Studio\bin;C:\xampp\php;;C:\Program Files\JetBrains\IntelliJ IDEA 2024.3.1.1\bin;;C:\Program Files\JetBrains\IntelliJ IDEA Community Edition 2024.1.4\bin;;.]
21-Apr-2025 23:45:34.439 INFO [main] org.apache.coyote.AbstractProtocol.init Initializing ProtocolHandler ["http-nio-8080"]
21-Apr-2025 23:45:34.465 INFO [main] org.apache.catalina.startup.Catalina.load Server initialization in [811] milliseconds
21-Apr-2025 23:45:34.548 INFO [main] org.apache.catalina.core.StandardService.startInternal Starting service [Catalina]
21-Apr-2025 23:45:34.548 INFO [main] org.apache.catalina.core.StandardEngine.startInternal Starting Servlet engine: [Apache Tomcat/9.0.100]
21-Apr-2025 23:45:34.567 INFO [main] org.apache.catalina.startup.HostConfig.deployDescriptor Deploying deployment descriptor [D:\Study\MCA_Science\Sem-2\Advance_Java\advance_java_mini_project\conf\Catalina\localhost\advance_java_mini_project.xml]
21-Apr-2025 23:45:35.817 INFO [main] org.apache.jasper.servlet.TldScanner.scanJars At least one JAR was scanned for TLDs yet contained no TLDs. Enable debug logging for this logger for a complete list of JARs that were scanned but no TLDs were found in them. Skipping unneeded JARs during scanning can improve startup time and JSP compilation time.
21-Apr-2025 23:45:35.939 INFO [main] org.apache.catalina.startup.HostConfig.deployDescriptor Deployment of deployment descriptor [D:\Study\MCA_Science\Sem-2\Advance_Java\advance_java_mini_project\conf\Catalina\localhost\advance_java_mini_project.xml] has finished in [1,372] ms
21-Apr-2025 23:45:35.944 INFO [main] org.apache.coyote.AbstractProtocol.start Starting ProtocolHandler ["http-nio-8080"]
21-Apr-2025 23:45:36.033 INFO [main] org.apache.catalina.startup.Catalina.start Server startup in [1568] milliseconds
21-Apr-2025 23:47:09.391 INFO [Thread-1] org.apache.coyote.AbstractProtocol.pause Pausing ProtocolHandler ["http-nio-8080"]
21-Apr-2025 23:47:09.559 INFO [Thread-1] org.apache.catalina.core.StandardService.stopInternal Stopping service [Catalina]
21-Apr-2025 23:47:09.575 WARNING [Thread-1] org.apache.catalina.loader.WebappClassLoaderBase.clearReferencesJdbc The web application [advance_java_mini_project] registered the JDBC driver [com.mysql.cj.jdbc.Driver] but failed to unregister it when the web application was stopped. To prevent a memory leak, the JDBC Driver has been forcibly unregistered.
21-Apr-2025 23:47:09.576 WARNING [Thread-1] org.apache.catalina.loader.WebappClassLoaderBase.clearReferencesThreads The web application [advance_java_mini_project] appears to have started a thread named [mysql-cj-abandoned-connection-cleanup] but has failed to stop it. This is very likely to create a memory leak. Stack trace of thread:
 java.base@17.0.14/java.lang.Object.wait(Native Method)
 java.base@17.0.14/java.lang.ref.ReferenceQueue.remove(ReferenceQueue.java:155)
 com.mysql.cj.jdbc.AbandonedConnectionCleanupThread.run(AbandonedConnectionCleanupThread.java:84)
 java.base@17.0.14/java.util.concurrent.ThreadPoolExecutor.runWorker(ThreadPoolExecutor.java:1136)
 java.base@17.0.14/java.util.concurrent.ThreadPoolExecutor$Worker.run(ThreadPoolExecutor.java:635)
 java.base@17.0.14/java.lang.Thread.run(Thread.java:840)
21-Apr-2025 23:47:09.584 INFO [Thread-1] org.apache.coyote.AbstractProtocol.stop Stopping ProtocolHandler ["http-nio-8080"]
21-Apr-2025 23:47:09.598 INFO [Thread-1] org.apache.coyote.AbstractProtocol.destroy Destroying ProtocolHandler ["http-nio-8080"]
21-Apr-2025 23:47:15.007 INFO [main] org.apache.catalina.startup.VersionLoggerListener.log Server version name:   Apache Tomcat/9.0.100
21-Apr-2025 23:47:15.014 INFO [main] org.apache.catalina.startup.VersionLoggerListener.log Server built:          Feb 13 2025 11:29:56 UTC
21-Apr-2025 23:47:15.014 INFO [main] org.apache.catalina.startup.VersionLoggerListener.log Server version number: 9.0.100.0
21-Apr-2025 23:47:15.014 INFO [main] org.apache.catalina.startup.VersionLoggerListener.log OS Name:               Windows 11
21-Apr-2025 23:47:15.014 INFO [main] org.apache.catalina.startup.VersionLoggerListener.log OS Version:            10.0
21-Apr-2025 23:47:15.014 INFO [main] org.apache.catalina.startup.VersionLoggerListener.log Architecture:          amd64
21-Apr-2025 23:47:15.014 INFO [main] org.apache.catalina.startup.VersionLoggerListener.log Java Home:             C:\Users\Khwahish Shah\.jdks\jbr-17.0.14
21-Apr-2025 23:47:15.015 INFO [main] org.apache.catalina.startup.VersionLoggerListener.log JVM Version:           17.0.14+1-b1367.22
21-Apr-2025 23:47:15.015 INFO [main] org.apache.catalina.startup.VersionLoggerListener.log JVM Vendor:            JetBrains s.r.o.
21-Apr-2025 23:47:15.015 INFO [main] org.apache.catalina.startup.VersionLoggerListener.log CATALINA_BASE:         D:\Study\MCA_Science\Sem-2\Advance_Java\advance_java_mini_project
21-Apr-2025 23:47:15.015 INFO [main] org.apache.catalina.startup.VersionLoggerListener.log CATALINA_HOME:         D:\Study\MCA_Science\Sem-2\Advance_Java\advance_java_mini_project\apache-tomcat-9.0.100\apache-tomcat-9.0.100
21-Apr-2025 23:47:15.030 INFO [main] org.apache.catalina.startup.VersionLoggerListener.log Command line argument: --add-opens=java.base/java.lang=ALL-UNNAMED
21-Apr-2025 23:47:15.030 INFO [main] org.apache.catalina.startup.VersionLoggerListener.log Command line argument: --add-opens=java.base/java.io=ALL-UNNAMED
21-Apr-2025 23:47:15.031 INFO [main] org.apache.catalina.startup.VersionLoggerListener.log Command line argument: --add-opens=java.base/java.util=ALL-UNNAMED
21-Apr-2025 23:47:15.031 INFO [main] org.apache.catalina.startup.VersionLoggerListener.log Command line argument: --add-opens=java.base/java.util.concurrent=ALL-UNNAMED
21-Apr-2025 23:47:15.031 INFO [main] org.apache.catalina.startup.VersionLoggerListener.log Command line argument: --add-opens=java.rmi/sun.rmi.transport=ALL-UNNAMED
21-Apr-2025 23:47:15.031 INFO [main] org.apache.catalina.startup.VersionLoggerListener.log Command line argument: -Dcatalina.home=D:\Study\MCA_Science\Sem-2\Advance_Java\advance_java_mini_project\apache-tomcat-9.0.100\apache-tomcat-9.0.100
21-Apr-2025 23:47:15.031 INFO [main] org.apache.catalina.startup.VersionLoggerListener.log Command line argument: -Dcatalina.base=D:\Study\MCA_Science\Sem-2\Advance_Java\advance_java_mini_project
21-Apr-2025 23:47:15.031 INFO [main] org.apache.catalina.startup.VersionLoggerListener.log Command line argument: -Djava.io.tmpdir=D:\Study\MCA_Science\Sem-2\Advance_Java\advance_java_mini_project\temp
21-Apr-2025 23:47:15.031 INFO [main] org.apache.catalina.startup.VersionLoggerListener.log Command line argument: -Djava.util.logging.config.file=D:\Study\MCA_Science\Sem-2\Advance_Java\advance_java_mini_project\conf\logging.properties
21-Apr-2025 23:47:15.031 INFO [main] org.apache.catalina.startup.VersionLoggerListener.log Command line argument: -Djava.util.logging.manager=org.apache.juli.ClassLoaderLogManager
21-Apr-2025 23:47:15.031 INFO [main] org.apache.catalina.startup.VersionLoggerListener.log Command line argument: -javaagent:C:\Program Files\JetBrains\IntelliJ IDEA Community Edition 2024.1.4\lib\idea_rt.jar=49899:C:\Program Files\JetBrains\IntelliJ IDEA Community Edition 2024.1.4\bin
21-Apr-2025 23:47:15.031 INFO [main] org.apache.catalina.startup.VersionLoggerListener.log Command line argument: -Dfile.encoding=UTF-8
21-Apr-2025 23:47:15.083 INFO [main] org.apache.catalina.core.AprLifecycleListener.lifecycleEvent The Apache Tomcat Native library which allows using OpenSSL was not found on the java.library.path: [C:\Users\Khwahish Shah\.jdks\jbr-17.0.14\bin;C:\WINDOWS\Sun\Java\bin;C:\WINDOWS\system32;C:\WINDOWS;C:\Program Files\Common Files\Oracle\Java\javapath;C:\WINDOWS\system32;C:\WINDOWS;C:\WINDOWS\System32\Wbem;C:\WINDOWS\System32\WindowsPowerShell\v1.0\;C:\WINDOWS\System32\OpenSSH\;C:\Program Files\Java\jdk-21\bin;C:\Program Files\MySQL\MySQL Server 8.0\bin;C:\Program Files\Microsoft SQL Server\Client SDK\ODBC\170\Tools\Binn\;C:\Program Files\Microsoft SQL Server\150\Tools\Binn\;C:\Program Files\dotnet\;C:\Program Files (x86)\Microsoft SQL Server\160\Tools\Binn\;C:\Program Files\Microsoft SQL Server\160\Tools\Binn\;C:\Program Files\Microsoft SQL Server\160\DTS\Binn\;C:\Program Files (x86)\Microsoft SQL Server\160\DTS\Binn\;C:\Program Files\Azure Data Studio\bin;C:\Program Files\Microsoft SQL Server\130\Tools\Binn\;C:\xampp\php;C:\Program Files\Git\cmd;C:\Users\Khwahish Shah\AppData\Local\Programs\Python\Python313\Scripts\;C:\Users\Khwahish Shah\AppData\Local\Programs\Python\Python313\;C:\Users\Khwahish Shah\AppData\Local\Microsoft\WindowsApps;C:\Users\Khwahish Shah\AppData\Local\Programs\Microsoft VS Code\bin;C:\Users\Khwahish Shah\.dotnet\tools;C:\Program Files\Azure Data Studio\bin;C:\xampp\php;;C:\Program Files\JetBrains\IntelliJ IDEA 2024.3.1.1\bin;;C:\Program Files\JetBrains\IntelliJ IDEA Community Edition 2024.1.4\bin;;.]
21-Apr-2025 23:47:15.525 INFO [main] org.apache.coyote.AbstractProtocol.init Initializing ProtocolHandler ["http-nio-8080"]
21-Apr-2025 23:47:15.554 INFO [main] org.apache.catalina.startup.Catalina.load Server initialization in [843] milliseconds
21-Apr-2025 23:47:15.628 INFO [main] org.apache.catalina.core.StandardService.startInternal Starting service [Catalina]
21-Apr-2025 23:47:15.628 INFO [main] org.apache.catalina.core.StandardEngine.startInternal Starting Servlet engine: [Apache Tomcat/9.0.100]
21-Apr-2025 23:47:15.644 INFO [main] org.apache.catalina.startup.HostConfig.deployDescriptor Deploying deployment descriptor [D:\Study\MCA_Science\Sem-2\Advance_Java\advance_java_mini_project\conf\Catalina\localhost\advance_java_mini_project.xml]
21-Apr-2025 23:47:17.019 INFO [main] org.apache.jasper.servlet.TldScanner.scanJars At least one JAR was scanned for TLDs yet contained no TLDs. Enable debug logging for this logger for a complete list of JARs that were scanned but no TLDs were found in them. Skipping unneeded JARs during scanning can improve startup time and JSP compilation time.
21-Apr-2025 23:47:17.155 WARNING [main] org.apache.catalina.util.SessionIdGeneratorBase.createSecureRandom Creation of SecureRandom instance for session ID generation using [SHA1PRNG] took [107] milliseconds.
21-Apr-2025 23:47:17.194 INFO [main] org.apache.catalina.startup.HostConfig.deployDescriptor Deployment of deployment descriptor [D:\Study\MCA_Science\Sem-2\Advance_Java\advance_java_mini_project\conf\Catalina\localhost\advance_java_mini_project.xml] has finished in [1,550] ms
21-Apr-2025 23:47:17.199 INFO [main] org.apache.coyote.AbstractProtocol.start Starting ProtocolHandler ["http-nio-8080"]
21-Apr-2025 23:47:17.334 INFO [main] org.apache.catalina.startup.Catalina.start Server startup in [1778] milliseconds
21-Apr-2025 23:53:57.231 INFO [Thread-1] org.apache.coyote.AbstractProtocol.pause Pausing ProtocolHandler ["http-nio-8080"]
21-Apr-2025 23:53:57.382 INFO [Thread-1] org.apache.catalina.core.StandardService.stopInternal Stopping service [Catalina]
21-Apr-2025 23:53:57.390 WARNING [Thread-1] org.apache.catalina.loader.WebappClassLoaderBase.clearReferencesJdbc The web application [advance_java_mini_project] registered the JDBC driver [com.mysql.cj.jdbc.Driver] but failed to unregister it when the web application was stopped. To prevent a memory leak, the JDBC Driver has been forcibly unregistered.
21-Apr-2025 23:53:57.391 WARNING [Thread-1] org.apache.catalina.loader.WebappClassLoaderBase.clearReferencesThreads The web application [advance_java_mini_project] appears to have started a thread named [mysql-cj-abandoned-connection-cleanup] but has failed to stop it. This is very likely to create a memory leak. Stack trace of thread:
 java.base@17.0.14/java.lang.Object.wait(Native Method)
 java.base@17.0.14/java.lang.ref.ReferenceQueue.remove(ReferenceQueue.java:155)
 com.mysql.cj.jdbc.AbandonedConnectionCleanupThread.run(AbandonedConnectionCleanupThread.java:84)
 java.base@17.0.14/java.util.concurrent.ThreadPoolExecutor.runWorker(ThreadPoolExecutor.java:1136)
 java.base@17.0.14/java.util.concurrent.ThreadPoolExecutor$Worker.run(ThreadPoolExecutor.java:635)
 java.base@17.0.14/java.lang.Thread.run(Thread.java:840)
21-Apr-2025 23:53:57.399 INFO [Thread-1] org.apache.coyote.AbstractProtocol.stop Stopping ProtocolHandler ["http-nio-8080"]
21-Apr-2025 23:53:57.411 INFO [Thread-1] org.apache.coyote.AbstractProtocol.destroy Destroying ProtocolHandler ["http-nio-8080"]
21-Apr-2025 23:54:04.737 INFO [main] org.apache.catalina.startup.VersionLoggerListener.log Server version name:   Apache Tomcat/9.0.100
21-Apr-2025 23:54:04.742 INFO [main] org.apache.catalina.startup.VersionLoggerListener.log Server built:          Feb 13 2025 11:29:56 UTC
21-Apr-2025 23:54:04.743 INFO [main] org.apache.catalina.startup.VersionLoggerListener.log Server version number: 9.0.100.0
21-Apr-2025 23:54:04.743 INFO [main] org.apache.catalina.startup.VersionLoggerListener.log OS Name:               Windows 11
21-Apr-2025 23:54:04.743 INFO [main] org.apache.catalina.startup.VersionLoggerListener.log OS Version:            10.0
21-Apr-2025 23:54:04.743 INFO [main] org.apache.catalina.startup.VersionLoggerListener.log Architecture:          amd64
21-Apr-2025 23:54:04.743 INFO [main] org.apache.catalina.startup.VersionLoggerListener.log Java Home:             C:\Users\Khwahish Shah\.jdks\jbr-17.0.14
21-Apr-2025 23:54:04.743 INFO [main] org.apache.catalina.startup.VersionLoggerListener.log JVM Version:           17.0.14+1-b1367.22
21-Apr-2025 23:54:04.743 INFO [main] org.apache.catalina.startup.VersionLoggerListener.log JVM Vendor:            JetBrains s.r.o.
21-Apr-2025 23:54:04.743 INFO [main] org.apache.catalina.startup.VersionLoggerListener.log CATALINA_BASE:         D:\Study\MCA_Science\Sem-2\Advance_Java\advance_java_mini_project
21-Apr-2025 23:54:04.745 INFO [main] org.apache.catalina.startup.VersionLoggerListener.log CATALINA_HOME:         D:\Study\MCA_Science\Sem-2\Advance_Java\advance_java_mini_project\apache-tomcat-9.0.100\apache-tomcat-9.0.100
21-Apr-2025 23:54:04.758 INFO [main] org.apache.catalina.startup.VersionLoggerListener.log Command line argument: --add-opens=java.base/java.lang=ALL-UNNAMED
21-Apr-2025 23:54:04.758 INFO [main] org.apache.catalina.startup.VersionLoggerListener.log Command line argument: --add-opens=java.base/java.io=ALL-UNNAMED
21-Apr-2025 23:54:04.758 INFO [main] org.apache.catalina.startup.VersionLoggerListener.log Command line argument: --add-opens=java.base/java.util=ALL-UNNAMED
21-Apr-2025 23:54:04.758 INFO [main] org.apache.catalina.startup.VersionLoggerListener.log Command line argument: --add-opens=java.base/java.util.concurrent=ALL-UNNAMED
21-Apr-2025 23:54:04.758 INFO [main] org.apache.catalina.startup.VersionLoggerListener.log Command line argument: --add-opens=java.rmi/sun.rmi.transport=ALL-UNNAMED
21-Apr-2025 23:54:04.758 INFO [main] org.apache.catalina.startup.VersionLoggerListener.log Command line argument: -Dcatalina.home=D:\Study\MCA_Science\Sem-2\Advance_Java\advance_java_mini_project\apache-tomcat-9.0.100\apache-tomcat-9.0.100
21-Apr-2025 23:54:04.758 INFO [main] org.apache.catalina.startup.VersionLoggerListener.log Command line argument: -Dcatalina.base=D:\Study\MCA_Science\Sem-2\Advance_Java\advance_java_mini_project
21-Apr-2025 23:54:04.758 INFO [main] org.apache.catalina.startup.VersionLoggerListener.log Command line argument: -Djava.io.tmpdir=D:\Study\MCA_Science\Sem-2\Advance_Java\advance_java_mini_project\temp
21-Apr-2025 23:54:04.760 INFO [main] org.apache.catalina.startup.VersionLoggerListener.log Command line argument: -Djava.util.logging.config.file=D:\Study\MCA_Science\Sem-2\Advance_Java\advance_java_mini_project\conf\logging.properties
21-Apr-2025 23:54:04.760 INFO [main] org.apache.catalina.startup.VersionLoggerListener.log Command line argument: -Djava.util.logging.manager=org.apache.juli.ClassLoaderLogManager
21-Apr-2025 23:54:04.760 INFO [main] org.apache.catalina.startup.VersionLoggerListener.log Command line argument: -javaagent:C:\Program Files\JetBrains\IntelliJ IDEA Community Edition 2024.1.4\lib\idea_rt.jar=50074:C:\Program Files\JetBrains\IntelliJ IDEA Community Edition 2024.1.4\bin
21-Apr-2025 23:54:04.760 INFO [main] org.apache.catalina.startup.VersionLoggerListener.log Command line argument: -Dfile.encoding=UTF-8
21-Apr-2025 23:54:04.773 INFO [main] org.apache.catalina.core.AprLifecycleListener.lifecycleEvent The Apache Tomcat Native library which allows using OpenSSL was not found on the java.library.path: [C:\Users\Khwahish Shah\.jdks\jbr-17.0.14\bin;C:\WINDOWS\Sun\Java\bin;C:\WINDOWS\system32;C:\WINDOWS;C:\Program Files\Common Files\Oracle\Java\javapath;C:\WINDOWS\system32;C:\WINDOWS;C:\WINDOWS\System32\Wbem;C:\WINDOWS\System32\WindowsPowerShell\v1.0\;C:\WINDOWS\System32\OpenSSH\;C:\Program Files\Java\jdk-21\bin;C:\Program Files\MySQL\MySQL Server 8.0\bin;C:\Program Files\Microsoft SQL Server\Client SDK\ODBC\170\Tools\Binn\;C:\Program Files\Microsoft SQL Server\150\Tools\Binn\;C:\Program Files\dotnet\;C:\Program Files (x86)\Microsoft SQL Server\160\Tools\Binn\;C:\Program Files\Microsoft SQL Server\160\Tools\Binn\;C:\Program Files\Microsoft SQL Server\160\DTS\Binn\;C:\Program Files (x86)\Microsoft SQL Server\160\DTS\Binn\;C:\Program Files\Azure Data Studio\bin;C:\Program Files\Microsoft SQL Server\130\Tools\Binn\;C:\xampp\php;C:\Program Files\Git\cmd;C:\Users\Khwahish Shah\AppData\Local\Programs\Python\Python313\Scripts\;C:\Users\Khwahish Shah\AppData\Local\Programs\Python\Python313\;C:\Users\Khwahish Shah\AppData\Local\Microsoft\WindowsApps;C:\Users\Khwahish Shah\AppData\Local\Programs\Microsoft VS Code\bin;C:\Users\Khwahish Shah\.dotnet\tools;C:\Program Files\Azure Data Studio\bin;C:\xampp\php;;C:\Program Files\JetBrains\IntelliJ IDEA 2024.3.1.1\bin;;C:\Program Files\JetBrains\IntelliJ IDEA Community Edition 2024.1.4\bin;;.]
21-Apr-2025 23:54:05.221 INFO [main] org.apache.coyote.AbstractProtocol.init Initializing ProtocolHandler ["http-nio-8080"]
21-Apr-2025 23:54:05.249 INFO [main] org.apache.catalina.startup.Catalina.load Server initialization in [792] milliseconds
21-Apr-2025 23:54:05.307 INFO [main] org.apache.catalina.core.StandardService.startInternal Starting service [Catalina]
21-Apr-2025 23:54:05.307 INFO [main] org.apache.catalina.core.StandardEngine.startInternal Starting Servlet engine: [Apache Tomcat/9.0.100]
21-Apr-2025 23:54:05.319 INFO [main] org.apache.catalina.startup.HostConfig.deployDescriptor Deploying deployment descriptor [D:\Study\MCA_Science\Sem-2\Advance_Java\advance_java_mini_project\conf\Catalina\localhost\advance_java_mini_project.xml]
21-Apr-2025 23:54:06.571 INFO [main] org.apache.jasper.servlet.TldScanner.scanJars At least one JAR was scanned for TLDs yet contained no TLDs. Enable debug logging for this logger for a complete list of JARs that were scanned but no TLDs were found in them. Skipping unneeded JARs during scanning can improve startup time and JSP compilation time.
21-Apr-2025 23:54:06.703 WARNING [main] org.apache.catalina.util.SessionIdGeneratorBase.createSecureRandom Creation of SecureRandom instance for session ID generation using [SHA1PRNG] took [107] milliseconds.
21-Apr-2025 23:54:06.741 INFO [main] org.apache.catalina.startup.HostConfig.deployDescriptor Deployment of deployment descriptor [D:\Study\MCA_Science\Sem-2\Advance_Java\advance_java_mini_project\conf\Catalina\localhost\advance_java_mini_project.xml] has finished in [1,422] ms
21-Apr-2025 23:54:06.746 INFO [main] org.apache.coyote.AbstractProtocol.start Starting ProtocolHandler ["http-nio-8080"]
21-Apr-2025 23:54:06.888 INFO [main] org.apache.catalina.startup.Catalina.start Server startup in [1638] milliseconds
